<?xml version="1.0" encoding="UTF-8"?>
<!-- Generated by org.testng.reporters.JUnitReportReporter -->
<testsuite hostname="DE-ADN-4SF6MG3" failures="0" tests="1" name="selenumDemoCaseTest.LinksausgabeTest" time="26.719" errors="0" timestamp="2023-11-10T13:52:19 MEZ" skipped="0">
  <testcase classname="selenumDemoCaseTest.LinksausgabeTest" name="alleLinksAusgabe" time="26.719"/>
</testsuite> <!-- selenumDemoCaseTest.LinksausgabeTest -->
